C:\Users\nabjha\Desktop\Employee_CRUD\Organisation\Organisation\src\app\app.component.js
C:\Users\nabjha\Desktop\Employee_CRUD\Organisation\Organisation\src\app\app.component.js.map
C:\Users\nabjha\Desktop\Employee_CRUD\Organisation\Organisation\src\app\model\employee.js
C:\Users\nabjha\Desktop\Employee_CRUD\Organisation\Organisation\src\app\model\employee.js.map
C:\Users\nabjha\Desktop\Employee_CRUD\Organisation\Organisation\src\app\service\EmployeeService.js
C:\Users\nabjha\Desktop\Employee_CRUD\Organisation\Organisation\src\app\service\EmployeeService.js.map
C:\Users\nabjha\Desktop\Employee_CRUD\Organisation\Organisation\src\app\employee\employee.component.js
C:\Users\nabjha\Desktop\Employee_CRUD\Organisation\Organisation\src\app\employee\employee.component.js.map
C:\Users\nabjha\Desktop\Employee_CRUD\Organisation\Organisation\src\app\model\department.js
C:\Users\nabjha\Desktop\Employee_CRUD\Organisation\Organisation\src\app\model\department.js.map
C:\Users\nabjha\Desktop\Employee_CRUD\Organisation\Organisation\src\app\service\departmentService.js
C:\Users\nabjha\Desktop\Employee_CRUD\Organisation\Organisation\src\app\service\departmentService.js.map
C:\Users\nabjha\Desktop\Employee_CRUD\Organisation\Organisation\src\app\add-employee\add-employee.component.js
C:\Users\nabjha\Desktop\Employee_CRUD\Organisation\Organisation\src\app\add-employee\add-employee.component.js.map
C:\Users\nabjha\Desktop\Employee_CRUD\Organisation\Organisation\src\app\app.router.js
C:\Users\nabjha\Desktop\Employee_CRUD\Organisation\Organisation\src\app\app.router.js.map
C:\Users\nabjha\Desktop\Employee_CRUD\Organisation\Organisation\src\app\header\header.component.js
C:\Users\nabjha\Desktop\Employee_CRUD\Organisation\Organisation\src\app\header\header.component.js.map
C:\Users\nabjha\Desktop\Employee_CRUD\Organisation\Organisation\src\app\app.module.js
C:\Users\nabjha\Desktop\Employee_CRUD\Organisation\Organisation\src\app\app.module.js.map
C:\Users\nabjha\Desktop\Employee_CRUD\Organisation\Organisation\src\main.js
C:\Users\nabjha\Desktop\Employee_CRUD\Organisation\Organisation\src\main.js.map
C:\Users\nabjha\Desktop\Employee_CRUD\Organisation\Organisation\src\app\app.component.spec.js
C:\Users\nabjha\Desktop\Employee_CRUD\Organisation\Organisation\src\app\app.component.spec.js.map
C:\Users\nabjha\Desktop\Employee_CRUD\Organisation\Organisation\src\app\login\login.component.js
C:\Users\nabjha\Desktop\Employee_CRUD\Organisation\Organisation\src\app\login\login.component.js.map
C:\Users\nabjha\Desktop\Employee_CRUD\Organisation\Organisation\src\app\model\user.js
C:\Users\nabjha\Desktop\Employee_CRUD\Organisation\Organisation\src\app\model\user.js.map
C:\Users\nabjha\Desktop\Employee_CRUD\Organisation\Organisation\src\app\service\dataService.js
C:\Users\nabjha\Desktop\Employee_CRUD\Organisation\Organisation\src\app\service\dataService.js.map
C:\Users\nabjha\Desktop\Employee_CRUD\Organisation\Organisation\src\app\service\userService.js
C:\Users\nabjha\Desktop\Employee_CRUD\Organisation\Organisation\src\app\service\userService.js.map
